TN:
SF:resources\js\components\App.js
FN:5,App
FNF:1
FNH:1
FNDA:1,App
DA:7,1
LF:1
LH:1
BRF:0
BRH:0
end_of_record
TN:
SF:resources\js\components\Button.js
FN:3,Button
FN:7,(anonymous_1)
FN:11,(anonymous_2)
FN:15,(anonymous_3)
FNF:4
FNH:4
FNDA:9,Button
FNDA:3,(anonymous_1)
FNDA:2,(anonymous_2)
FNDA:1,(anonymous_3)
DA:4,9
DA:5,9
DA:7,9
DA:8,3
DA:11,9
DA:12,2
DA:15,9
DA:16,1
DA:19,9
LF:9
LH:9
BRF:0
BRH:0
end_of_record
TN:
SF:resources\js\components\Checkbox.js
FN:3,Checkbox
FN:6,(anonymous_1)
FNF:2
FNH:2
FNDA:3,Checkbox
FNDA:1,(anonymous_1)
DA:4,3
DA:6,3
DA:7,1
DA:13,3
DA:15,3
LF:5
LH:5
BRDA:18,0,0,1
BRDA:18,0,1,2
BRF:2
BRH:2
end_of_record
TN:
SF:resources\js\components\Link.js
FN:8,Link
FN:11,(anonymous_1)
FN:15,(anonymous_2)
FNF:3
FNH:3
FNDA:4,Link
FNDA:1,(anonymous_1)
FNDA:1,(anonymous_2)
DA:3,2
DA:9,4
DA:11,4
DA:12,1
DA:15,4
DA:16,1
DA:22,4
DA:24,4
LF:8
LH:8
BRDA:27,0,0,4
BRDA:27,0,1,3
BRF:2
BRH:2
end_of_record
TN:
SF:resources\js\functions\app.js
FN:1,sum
FNF:1
FNH:1
FNDA:1,sum
DA:3,1
DA:6,1
LF:2
LH:2
BRF:0
BRH:0
end_of_record
TN:
SF:resources\js\functions\string.js
FN:1,joinArrayElements
FN:4,(anonymous_1)
FN:14,stringSearch
FNF:3
FNH:3
FNDA:1,joinArrayElements
FNDA:3,(anonymous_1)
FNDA:1,stringSearch
DA:3,1
DA:4,1
DA:5,3
DA:6,2
DA:8,1
DA:11,1
DA:15,1
DA:17,1
DA:18,2
DA:19,1
DA:20,1
DA:24,1
DA:27,1
LF:13
LH:13
BRDA:5,0,0,2
BRDA:5,0,1,1
BRDA:18,1,0,1
BRDA:18,1,1,1
BRF:4
BRH:4
end_of_record
